nohup: ignoring input
Watching for file changes with StatReloader
Performing system checks...

System check identified no issues (0 silenced).

You have 18 unapplied migration(s). Your project may not work properly until you apply the migrations for app(s): admin, auth, contenttypes, sessions.
Run 'python manage.py migrate' to apply them.
February 19, 2026 - 12:41:37
Django version 6.0.2, using settings 'bane_web.settings'
Starting development server at http://0.0.0.0:8000/
Quit the server with CONTROL-C.

WARNING: This is a development server. Do not use it in a production setting. Use a production WSGI or ASGI server instead.
For more information on production servers see: https://docs.djangoproject.com/en/6.0/howto/deployment/
[19/Feb/2026 12:42:49] "HEAD / HTTP/1.1" 200 0
[19/Feb/2026 12:43:02] "GET / HTTP/1.1" 200 4497
[19/Feb/2026 12:43:02] "GET /static/js/main.js HTTP/1.1" 200 2108
[19/Feb/2026 12:43:02] "GET /static/css/style.css HTTP/1.1" 200 7583
Not Found: /favicon.ico
[19/Feb/2026 12:43:03] "GET /favicon.ico HTTP/1.1" 404 2461
[19/Feb/2026 12:43:32] "GET / HTTP/1.1" 200 4497
[19/Feb/2026 12:43:32] "GET /static/css/style.css HTTP/1.1" 304 0
[19/Feb/2026 12:43:32] "GET /static/js/main.js HTTP/1.1" 304 0
Not Found: /favicon.ico
[19/Feb/2026 12:47:34] "GET /favicon.ico HTTP/1.1" 404 2461
[19/Feb/2026 12:47:41] "GET / HTTP/1.1" 200 4503
[19/Feb/2026 12:47:41] "GET /static/js/main.js HTTP/1.1" 200 3050
[19/Feb/2026 12:47:41] "GET /static/css/style.css HTTP/1.1" 304 0
[19/Feb/2026 12:47:59] "GET / HTTP/1.1" 200 4503
[19/Feb/2026 12:47:59] "GET /static/js/main.js HTTP/1.1" 304 0
[19/Feb/2026 12:48:19,236] - Broken pipe from ('192.168.11.4', 50109)
[19/Feb/2026 12:55:43] "GET / HTTP/1.1" 200 4503
[19/Feb/2026 12:55:43] "GET /static/css/style.css HTTP/1.1" 304 0
[19/Feb/2026 12:55:43] "GET /static/js/main.js HTTP/1.1" 304 0
