### BANE PERSONA EVOLUTION & AUDIT LOG ###
Format: [Timestamp] [Skill ID] [Event Type] [Context]
--------------------------------------------------------
[2026-02-11 20:09:32] [SYSTEM] [INFO] Analytics and Audit Logs have been manually reset by Core Maintenance.
[2026-02-11 21:34:25] [CORE_MAINTENANCE] [USAGE] Header requested for message interaction
[2026-02-11 21:37:46] [CORE_MAINTENANCE] [USAGE] Header requested for message interaction
[2026-02-11 21:43:24] [CORE_MAINTENANCE] [USAGE] Header requested for message interaction
[2026-02-11 21:46:16] [CORE_MAINTENANCE] [USAGE] Header requested for message interaction
[2026-02-11 21:50:12] [CORE_MAINTENANCE] [USAGE] Header requested for message interaction
[2026-02-11 21:58:27] [CORE_MAINTENANCE] [USAGE] Header requested for message interaction
[2026-02-11 22:01:21] [CORE_MAINTENANCE] [USAGE] Header requested for message interaction
[2026-02-11 22:07:55] [CYBERSECURITY] [USAGE] Skill switched to CYBERSECURITY
[2026-02-11 22:08:25] [CYBERSECURITY] [USAGE] Header requested for message interaction
[2026-02-11 22:13:02] [CYBERSECURITY] [USAGE] Header requested for message interaction
[2026-02-11 22:19:56] [CYBERSECURITY] [USAGE] Header requested for message interaction
[2026-02-11 22:26:54] [CORE_MAINTENANCE] [USAGE] Skill switched to CORE_MAINTENANCE
[2026-02-11 22:28:48] [CORE_MAINTENANCE] [USAGE] Header requested for message interaction
[2026-02-11 23:00:40] [SCHOOL] [USAGE] Skill switched to SCHOOL
[2026-02-11 23:05:22] [SCHOOL] [USAGE] Header requested for message interaction
[2026-02-11 23:08:46] [SCHOOL] [USAGE] Header requested for message interaction
[2026-02-11 23:12:19] [SCHOOL] [USAGE] Header requested for message interaction
[2026-02-12 01:15:24] [SCHOOL] [USAGE] Header requested for message interaction
[2026-02-12 01:17:26] [SCHOOL] [USAGE] Header requested for message interaction
[2026-02-12 01:19:07] [CYBERSECURITY] [USAGE] Skill switched to CYBERSECURITY
[2026-02-12 01:21:01] [CYBERSECURITY] [USAGE] Header requested for message interaction
[2026-02-12 01:22:58] [CYBERSECURITY] [USAGE] Header requested for message interaction
[2026-02-12 01:32:06] [CYBERSECURITY] [USAGE] Header requested for message interaction
[2026-02-12 01:41:27] [CORE_MAINTENANCE] [USAGE] Skill switched to CORE_MAINTENANCE
[2026-02-12 01:42:26] [CORE_MAINTENANCE] [USAGE] Header requested for message interaction
[2026-02-12 01:45:02] [CORE_MAINTENANCE] [USAGE] Header requested for message interaction
[2026-02-12 02:05:30] [CORE_MAINTENANCE] [USAGE] Header requested for message interaction
[2026-02-12 02:11:19] [CORE_MAINTENANCE] [USAGE] Header requested for message interaction
[2026-02-12 02:33:31] [CORE_MAINTENANCE] [USAGE] Header requested for message interaction
[2026-02-12 02:39:53] [CORE_MAINTENANCE] [USAGE] Header requested for message interaction
[2026-02-12 02:43:28] [CORE_MAINTENANCE] [USAGE] Header requested for message interaction
[2026-02-12 02:44:57] [CORE_MAINTENANCE] [USAGE] Header requested for message interaction
[2026-02-12 02:53:42] [CORE_MAINTENANCE] [USAGE] Header requested for message interaction
[2026-02-12 03:05:00] [CORE_MAINTENANCE] [USAGE] Header requested for message interaction
[2026-02-12 08:04:27] [CORE_MAINTENANCE] [USAGE] Header requested for message interaction
[2026-02-12 08:11:51] [CORE_MAINTENANCE] [USAGE] Header requested for message interaction
[2026-02-12 08:15:27] [CORE_MAINTENANCE] [USAGE] Header requested for message interaction
[2026-02-12 08:21:36] [CORE_MAINTENANCE] [USAGE] Header requested for message interaction
[2026-02-12 08:24:06] [CORE_MAINTENANCE] [USAGE] Header requested for message interaction
[2026-02-12 08:25:16] [RESEARCH_PAPER] [USAGE] Skill switched to RESEARCH_PAPER
[2026-02-12 08:26:57] [RESEARCH_PAPER] [USAGE] Header requested for message interaction
[2026-02-12 08:28:26] [RESEARCH_PAPER] [USAGE] Header requested for message interaction
[2026-02-12 08:31:25] [CORE_MAINTENANCE] [USAGE] Skill switched to CORE_MAINTENANCE
[2026-02-12 08:33:55] [CORE_MAINTENANCE] [USAGE] Header requested for message interaction
[2026-02-12 08:39:25] [CORE_MAINTENANCE] [USAGE] Header requested for message interaction
[2026-02-12 08:40:21] [CORE_MAINTENANCE] [USAGE] Header requested for message interaction
[2026-02-12 08:41:27] [CORE_MAINTENANCE] [USAGE] Header requested for message interaction
[2026-02-12 08:42:17] [CORE_MAINTENANCE] [USAGE] Header requested for message interaction
[2026-02-12 08:43:22] [CORE_MAINTENANCE] [USAGE] Header requested for message interaction
[2026-02-12 08:50:29] [CORE_MAINTENANCE] [USAGE] Header requested for message interaction
[2026-02-12 08:53:39] [CREATIVE_WRITER] [USAGE] Skill switched to CREATIVE_WRITER
[2026-02-12 08:54:10] [CREATIVE_WRITER] [USAGE] Header requested for message interaction
[2026-02-12 08:57:01] [CREATIVE_WRITER] [USAGE] Header requested for message interaction
[2026-02-12 08:58:37] [ASSIGNMENT] [USAGE] Skill switched to ASSIGNMENT
[2026-02-12 08:59:08] [ASSIGNMENT] [USAGE] Header requested for message interaction
[2026-02-12 09:01:26] [ASSIGNMENT] [USAGE] Header requested for message interaction
[2026-02-12 09:02:35] [ASSIGNMENT] [USAGE] Header requested for message interaction
[2026-02-12 09:04:48] [ASSIGNMENT] [USAGE] Header requested for message interaction
[2026-02-12 09:09:11] [ASSIGNMENT] [USAGE] Header requested for message interaction
[2026-02-12 09:10:29] [ASSIGNMENT] [USAGE] Header requested for message interaction
[2026-02-12 09:11:49] [ASSIGNMENT] [USAGE] Header requested for message interaction
[2026-02-12 09:15:57] [ASSIGNMENT] [USAGE] Header requested for message interaction
[2026-02-12 09:19:08] [CORE_MAINTENANCE] [USAGE] Skill switched to CORE_MAINTENANCE
[2026-02-12 09:24:51] [CORE_MAINTENANCE] [USAGE] Header requested for message interaction
[2026-02-12 09:28:02] [CORE_MAINTENANCE] [USAGE] Header requested for message interaction
[2026-02-12 09:30:30] [CORE_MAINTENANCE] [USAGE] Header requested for message interaction
[2026-02-12 09:32:45] [CORE_MAINTENANCE] [USAGE] Header requested for message interaction
[2026-02-12 09:35:43] [SCHOOL] [USAGE] Skill switched to SCHOOL
[2026-02-12 09:37:09] [SCHOOL] [USAGE] Header requested for message interaction
[2026-02-12 09:39:12] [SCHOOL] [USAGE] Header requested for message interaction
[2026-02-12 10:08:21] [SCHOOL] [USAGE] Header requested for message interaction
[2026-02-12 10:10:45] [SCHOOL] [USAGE] Header requested for message interaction
[2026-02-12 10:20:47] [CORE_MAINTENANCE] [USAGE] Skill switched to CORE_MAINTENANCE
[2026-02-12 10:21:03] [CORE_MAINTENANCE] [USAGE] Header requested for message interaction
[2026-02-12 10:22:44] [CORE_MAINTENANCE] [USAGE] Header requested for message interaction
[2026-02-12 10:30:55] [CORE_MAINTENANCE] [USAGE] Header requested for message interaction
[2026-02-12 10:34:44] [CORE_MAINTENANCE] [USAGE] Header requested for message interaction
[2026-02-12 10:37:10] [STUDENT] [USAGE] Skill switched to STUDENT
[2026-02-12 10:38:49] [STUDENT] [USAGE] Header requested for message interaction
[2026-02-12 10:43:56] [STUDENT] [USAGE] Header requested for message interaction
[2026-02-12 10:47:01] [STUDENT] [USAGE] Header requested for message interaction
[2026-02-12 10:50:48] [CREATIVE_WRITER] [USAGE] Skill switched to CREATIVE_WRITER
[2026-02-12 10:53:26] [CREATIVE_WRITER] [USAGE] Header requested for message interaction
[2026-02-12 11:17:26] [STUDENT] [USAGE] Skill switched to STUDENT
[2026-02-12 11:17:35] [SCHOOL] [USAGE] Skill switched to SCHOOL
[2026-02-12 11:19:17] [CORE_MAINTENANCE] [USAGE] Skill switched to CORE_MAINTENANCE
[2026-02-12 11:20:04] [CORE_MAINTENANCE] [USAGE] Header requested for message interaction
[2026-02-12 11:24:48] [SCHOOL] [USAGE] Skill switched to SCHOOL
[2026-02-12 11:31:32] [SCHOOL] [USAGE] Header requested for message interaction
[2026-02-12 11:34:03] [SCHOOL] [USAGE] Header requested for message interaction
[2026-02-12 11:58:46] [SCHOOL] [USAGE] Header requested for message interaction
[2026-02-12 14:03:21] [SCHOOL] [USAGE] Header requested for message interaction
[2026-02-12 14:05:29] [TECH_WRITER] [USAGE] Skill switched to TECH_WRITER
[2026-02-12 14:08:04] [TECH_WRITER] [USAGE] Header requested for message interaction
[2026-02-12 14:33:14] [TECH_WRITER] [USAGE] Header requested for message interaction
[2026-02-12 18:08:59] [CORE_MAINTENANCE] [USAGE] Skill switched to CORE_MAINTENANCE
[2026-02-12 18:10:08] [CORE_MAINTENANCE] [USAGE] Header requested for message interaction
[2026-02-12 18:10:52] [CORE_MAINTENANCE] [USAGE] Header requested for message interaction
[2026-02-12 18:12:58] [CORE_MAINTENANCE] [USAGE] Header requested for message interaction
[2026-02-12 19:38:03] [CORE_MAINTENANCE] [USAGE] Header requested for message interaction
[2026-02-12 19:42:25] [CORE_MAINTENANCE] [USAGE] Header requested for message interaction
[2026-02-12 19:52:28] [CORE_MAINTENANCE] [USAGE] Header requested for message interaction
[2026-02-12 19:53:57] [CORE_MAINTENANCE] [USAGE] Header requested for message interaction
[2026-02-12 19:54:48] [CORE_MAINTENANCE] [USAGE] Header requested for message interaction
[2026-02-12 20:08:33] [CORE_MAINTENANCE] [USAGE] Header requested for message interaction
[2026-02-12 20:09:00] [CORE_MAINTENANCE] [USAGE] Header requested for message interaction
[2026-02-12 20:09:48] [CORE_MAINTENANCE] [USAGE] Header requested for message interaction
[2026-02-12 20:58:21] [CORE_MAINTENANCE] [USAGE] Header requested for message interaction
[2026-02-12 20:59:22] [CORE_MAINTENANCE] [USAGE] Header requested for message interaction
[2026-02-12 21:01:02] [CORE_MAINTENANCE] [USAGE] Header requested for message interaction
[2026-02-12 21:06:24] [CORE_MAINTENANCE] [USAGE] Header requested for message interaction
[2026-02-12 21:16:44] [CORE_MAINTENANCE] [USAGE] Header requested for message interaction
[2026-02-12 21:19:32] [CORE_MAINTENANCE] [USAGE] Header requested for message interaction
[2026-02-12 21:21:54] [CORE_MAINTENANCE] [USAGE] Header requested for message interaction
[2026-02-12 21:24:38] [CORE_MAINTENANCE] [USAGE] Header requested for message interaction
[2026-02-12 21:25:28] [CORE_MAINTENANCE] [USAGE] Header requested for message interaction
[2026-02-12 21:33:01] [CORE_MAINTENANCE] [USAGE] Header requested for message interaction
[2026-02-12 21:34:33] [CORE_MAINTENANCE] [USAGE] Header requested for message interaction
[2026-02-12 21:39:13] [CORE_MAINTENANCE] [USAGE] Header requested for message interaction
[2026-02-12 21:42:54] [CORE_MAINTENANCE] [USAGE] Header requested for message interaction
[2026-02-12 21:45:53] [CORE_MAINTENANCE] [USAGE] Header requested for message interaction
[2026-02-12 21:59:52] [CORE_MAINTENANCE] [USAGE] Header requested for message interaction
[2026-02-12 22:03:02] [CORE_MAINTENANCE] [USAGE] Header requested for message interaction
[2026-02-12 22:05:23] [CORE_MAINTENANCE] [USAGE] Header requested for message interaction
[2026-02-12 22:08:57] [CORE_MAINTENANCE] [USAGE] Header requested for message interaction
[2026-02-12 22:24:22] [CORE_MAINTENANCE] [USAGE] Header requested for message interaction
[2026-02-12 22:32:32] [CORE_MAINTENANCE] [USAGE] Header requested for message interaction
[2026-02-12 22:33:27] [CORE_MAINTENANCE] [USAGE] Header requested for message interaction
[2026-02-12 22:39:02] [CORE_MAINTENANCE] [USAGE] Header requested for message interaction
[2026-02-12 23:10:58] [CORE_MAINTENANCE] [USAGE] Header requested for message interaction
[2026-02-12 23:12:38] [CORE_MAINTENANCE] [USAGE] Header requested for message interaction
[2026-02-12 23:15:05] [CORE_MAINTENANCE] [USAGE] Header requested for message interaction
[2026-02-12 23:17:58] [CORE_MAINTENANCE] [USAGE] Header requested for message interaction
[2026-02-12 23:19:54] [WORKSPACE] [USAGE] Header requested for message interaction
[2026-02-12 23:22:22] [WORKSPACE] [USAGE] Header requested for message interaction
[2026-02-12 23:25:59] [WORKSPACE] [USAGE] Header requested for message interaction
[2026-02-12 23:28:53] [WORKSPACE] [USAGE] Header requested for message interaction
[2026-02-12 23:31:35] [WORKSPACE] [USAGE] Header requested for message interaction
[2026-02-12 23:42:16] [WORKSPACE] [USAGE] Header requested for message interaction
[2026-02-12 23:54:18] [WORKSPACE] [USAGE] Header requested for message interaction
[2026-02-13 00:03:40] [SCHOOL] [USAGE] Skill switched to SCHOOL
[2026-02-13 00:03:56] [SCHOOL] [USAGE] Header requested for message interaction
[2026-02-13 00:04:53] [SCHOOL] [USAGE] Header requested for message interaction
[2026-02-13 00:15:33] [SCHOOL] [USAGE] Header requested for message interaction
[2026-02-13 00:17:09] [SCHOOL] [USAGE] Header requested for message interaction
[2026-02-13 00:18:41] [SCHOOL] [USAGE] Header requested for message interaction
[2026-02-13 00:20:01] [AI_ARCHITECT] [USAGE] Skill switched to AI_ARCHITECT
[2026-02-13 00:20:02] [AI_ARCHITECT] [USAGE] Skill switched to AI_ARCHITECT
[2026-02-13 00:40:36] [AI_ARCHITECT] [USAGE] Header requested for message interaction
[2026-02-13 00:56:46] [AI_ARCHITECT] [USAGE] Header requested for message interaction
[2026-02-13 01:20:22] [AI_ARCHITECT] [USAGE] Header requested for message interaction
[2026-02-13 01:21:05] [AI_ARCHITECT] [USAGE] Header requested for message interaction
[2026-02-13 01:22:28] [AI_ARCHITECT] [USAGE] Header requested for message interaction
[2026-02-13 01:27:04] [AI_ARCHITECT] [USAGE] Header requested for message interaction
[2026-02-13 01:29:10] [CYBERSECURITY] [USAGE] Skill switched to CYBERSECURITY
[2026-02-13 01:29:53] [CYBERSECURITY] [USAGE] Header requested for message interaction
[2026-02-13 01:49:38] [CYBERSECURITY] [USAGE] Header requested for message interaction
[2026-02-13 01:52:17] [CYBERSECURITY] [USAGE] Header requested for message interaction
[2026-02-13 01:53:36] [CYBERSECURITY] [USAGE] Header requested for message interaction
[2026-02-13 01:54:21] [CYBERSECURITY] [USAGE] Header requested for message interaction
[2026-02-13 01:56:47] [CYBERSECURITY] [USAGE] Header requested for message interaction
[2026-02-13 02:04:05] [CYBERSECURITY] [USAGE] Header requested for message interaction
[2026-02-13 02:08:15] [CYBERSECURITY] [USAGE] Header requested for message interaction
[2026-02-13 02:11:28] [CYBERSECURITY] [USAGE] Header requested for message interaction
[2026-02-13 02:15:16] [CYBERSECURITY] [USAGE] Header requested for message interaction
[2026-02-13 02:17:45] [CYBERSECURITY] [USAGE] Header requested for message interaction
[2026-02-13 02:18:28] [CYBERSECURITY] [USAGE] Header requested for message interaction
[2026-02-13 02:24:31] [CYBERSECURITY] [USAGE] Header requested for message interaction
[2026-02-13 02:27:12] [CYBERSECURITY] [USAGE] Header requested for message interaction
[2026-02-13 02:27:44] [CYBERSECURITY] [USAGE] Header requested for message interaction
[2026-02-13 02:30:37] [CYBERSECURITY] [USAGE] Header requested for message interaction
[2026-02-13 02:33:13] [CYBERSECURITY] [USAGE] Header requested for message interaction
[2026-02-13 02:33:42] [CYBERSECURITY] [USAGE] Header requested for message interaction
[2026-02-13 02:34:01] [CYBERSECURITY] [USAGE] Header requested for message interaction
[2026-02-13 02:36:34] [CYBERSECURITY] [USAGE] Header requested for message interaction
[2026-02-13 02:38:22] [CYBERSECURITY] [USAGE] Header requested for message interaction
[2026-02-13 02:39:07] [CYBERSECURITY] [USAGE] Header requested for message interaction
[2026-02-13 02:41:55] [CYBERSECURITY] [USAGE] Header requested for message interaction
[2026-02-13 02:42:38] [CYBERSECURITY] [USAGE] Header requested for message interaction
[2026-02-13 02:51:16] [CYBERSECURITY] [USAGE] Header requested for message interaction
[2026-02-13 02:53:18] [CYBERSECURITY] [USAGE] Header requested for message interaction
[2026-02-13 02:56:53] [CYBERSECURITY] [USAGE] Header requested for message interaction
[2026-02-13 02:58:55] [CYBERSECURITY] [USAGE] Header requested for message interaction
[2026-02-13 03:00:21] [SCHOOL] [USAGE] Skill switched to SCHOOL
[2026-02-13 03:03:23] [SCHOOL] [USAGE] Header requested for message interaction
[2026-02-13 03:05:02] [SCHOOL] [USAGE] Header requested for message interaction
[2026-02-13 03:07:04] [SCHOOL] [USAGE] Header requested for message interaction
[2026-02-13 03:07:56] [SCHOOL] [USAGE] Header requested for message interaction
[2026-02-13 03:09:24] [SCHOOL] [USAGE] Header requested for message interaction
[2026-02-13 03:13:01] [CORE_MAINTENANCE] [USAGE] Skill switched to CORE_MAINTENANCE
[2026-02-13 03:15:13] [CORE_MAINTENANCE] [USAGE] Header requested for message interaction
[2026-02-13 03:15:38] [CORE_MAINTENANCE] [USAGE] Header requested for message interaction
[2026-02-13 03:16:11] [CORE_MAINTENANCE] [USAGE] Header requested for message interaction
[2026-02-13 03:22:06] [CORE_MAINTENANCE] [USAGE] Header requested for message interaction
[2026-02-13 03:28:43] [CORE_MAINTENANCE] [USAGE] Header requested for message interaction
[2026-02-13 03:30:17] [CORE_MAINTENANCE] [USAGE] Header requested for message interaction
[2026-02-13 03:37:58] [CORE_MAINTENANCE] [USAGE] Header requested for message interaction
[2026-02-13 03:43:17] [CORE_MAINTENANCE] [USAGE] Header requested for message interaction
[2026-02-13 03:45:46] [CORE_MAINTENANCE] [USAGE] Header requested for message interaction
[2026-02-13 03:51:08] [CORE_MAINTENANCE] [USAGE] Header requested for message interaction
[2026-02-13 03:54:14] [CORE_MAINTENANCE] [USAGE] Header requested for message interaction
[2026-02-13 03:56:22] [CORE_MAINTENANCE] [USAGE] Header requested for message interaction
[2026-02-13 03:58:14] [CORE_MAINTENANCE] [USAGE] Header requested for message interaction
[2026-02-13 04:14:20] [CORE_MAINTENANCE] [USAGE] Header requested for message interaction
[2026-02-13 04:15:13] [CORE_MAINTENANCE] [USAGE] Header requested for message interaction
[2026-02-13 04:16:01] [CORE_MAINTENANCE] [USAGE] Header requested for message interaction
[2026-02-13 04:16:57] [CORE_MAINTENANCE] [USAGE] Header requested for message interaction
[2026-02-13 04:22:58] [CORE_MAINTENANCE] [USAGE] Header requested for message interaction
[2026-02-13 04:25:48] [CORE_MAINTENANCE] [USAGE] Header requested for message interaction
[2026-02-13 04:36:13] [CORE_MAINTENANCE] [USAGE] Header requested for message interaction
[2026-02-13 04:37:57] [CORE_MAINTENANCE] [USAGE] Header requested for message interaction
[2026-02-13 04:40:20] [CORE_MAINTENANCE] [USAGE] Header requested for message interaction
[2026-02-13 04:42:59] [CORE_MAINTENANCE] [USAGE] Header requested for message interaction
[2026-02-13 04:45:19] [CORE_MAINTENANCE] [USAGE] Header requested for message interaction
[2026-02-13 04:52:40] [CORE_MAINTENANCE] [USAGE] Header requested for message interaction
[2026-02-13 04:57:00] [CORE_MAINTENANCE] [USAGE] Header requested for message interaction
[2026-02-13 04:58:48] [CORE_MAINTENANCE] [USAGE] Header requested for message interaction
[2026-02-13 05:00:49] [CORE_MAINTENANCE] [USAGE] Header requested for message interaction
[2026-02-13 05:02:19] [CORE_MAINTENANCE] [USAGE] Header requested for message interaction
[2026-02-13 05:05:20] [CORE_MAINTENANCE] [USAGE] Header requested for message interaction
[2026-02-13 05:05:41] [CORE_MAINTENANCE] [USAGE] Header requested for message interaction
[2026-02-13 05:09:00] [CORE_MAINTENANCE] [USAGE] Header requested for message interaction
[2026-02-13 05:10:42] [CORE_MAINTENANCE] [USAGE] Header requested for message interaction
[2026-02-13 05:11:49] [CORE_MAINTENANCE] [USAGE] Header requested for message interaction
[2026-02-13 05:14:37] [CORE_MAINTENANCE] [USAGE] Header requested for message interaction
[2026-02-13 05:17:52] [CORE_MAINTENANCE] [USAGE] Header requested for message interaction
[2026-02-13 05:21:28] [CORE_MAINTENANCE] [USAGE] Header requested for message interaction
[2026-02-13 05:22:14] [CORE_MAINTENANCE] [USAGE] Header requested for message interaction
[2026-02-13 05:25:26] [CORE_MAINTENANCE] [USAGE] Header requested for message interaction
[2026-02-13 05:26:53] [CORE_MAINTENANCE] [USAGE] Header requested for message interaction
[2026-02-13 05:27:44] [CORE_MAINTENANCE] [USAGE] Header requested for message interaction
[2026-02-13 05:28:26] [CORE_MAINTENANCE] [USAGE] Header requested for message interaction
[2026-02-13 05:29:15] [CORE_MAINTENANCE] [USAGE] Header requested for message interaction
[2026-02-13 05:30:04] [CORE_MAINTENANCE] [USAGE] Header requested for message interaction
[2026-02-13 05:30:24] [CORE_MAINTENANCE] [USAGE] Header requested for message interaction
[2026-02-13 05:30:43] [CORE_MAINTENANCE] [USAGE] Header requested for message interaction
[2026-02-13 05:31:18] [CORE_MAINTENANCE] [USAGE] Header requested for message interaction
[2026-02-13 05:33:46] [CORE_MAINTENANCE] [USAGE] Header requested for message interaction
[2026-02-13 05:34:36] [CORE_MAINTENANCE] [USAGE] Header requested for message interaction
[2026-02-13 05:35:54] [CORE_MAINTENANCE] [USAGE] Header requested for message interaction
[2026-02-13 05:37:02] [CORE_MAINTENANCE] [USAGE] Header requested for message interaction
[2026-02-13 05:38:16] [CORE_MAINTENANCE] [USAGE] Header requested for message interaction
[2026-02-13 05:39:55] [CORE_MAINTENANCE] [USAGE] Header requested for message interaction
[2026-02-13 05:41:28] [CORE_MAINTENANCE] [USAGE] Header requested for message interaction
[2026-02-13 05:42:32] [CORE_MAINTENANCE] [USAGE] Header requested for message interaction
[2026-02-13 05:48:42] [CORE_MAINTENANCE] [USAGE] Header requested for message interaction
[2026-02-13 05:49:51] [CORE_MAINTENANCE] [USAGE] Header requested for message interaction
[2026-02-13 05:50:50] [CORE_MAINTENANCE] [USAGE] Header requested for message interaction
[2026-02-13 05:54:22] [CORE_MAINTENANCE] [USAGE] Header requested for message interaction
[2026-02-13 05:57:22] [CORE_MAINTENANCE] [USAGE] Header requested for message interaction
[2026-02-13 05:58:34] [CORE_MAINTENANCE] [USAGE] Header requested for message interaction
[2026-02-13 06:00:54] [CORE_MAINTENANCE] [USAGE] Header requested for message interaction
[2026-02-13 06:03:12] [CORE_MAINTENANCE] [USAGE] Header requested for message interaction
[2026-02-13 06:03:57] [CORE_MAINTENANCE] [USAGE] Header requested for message interaction
[2026-02-13 06:09:39] [CORE_MAINTENANCE] [USAGE] Header requested for message interaction
[2026-02-13 06:17:18] [CORE_MAINTENANCE] [USAGE] Header requested for message interaction
[2026-02-13 06:23:21] [CORE_MAINTENANCE] [USAGE] Header requested for message interaction
[2026-02-13 06:24:03] [CORE_MAINTENANCE] [USAGE] Header requested for message interaction
[2026-02-13 06:29:25] [CORE_MAINTENANCE] [USAGE] Header requested for message interaction
[2026-02-13 06:31:41] [CORE_MAINTENANCE] [USAGE] Header requested for message interaction
[2026-02-13 06:33:33] [CORE_MAINTENANCE] [USAGE] Header requested for message interaction
[2026-02-13 06:35:06] [CORE_MAINTENANCE] [USAGE] Header requested for message interaction
[2026-02-13 06:49:37] [CORE_MAINTENANCE] [USAGE] Header requested for message interaction
[2026-02-13 06:50:59] [CORE_MAINTENANCE] [USAGE] Header requested for message interaction
[2026-02-13 06:52:56] [CORE_MAINTENANCE] [USAGE] Header requested for message interaction
[2026-02-13 06:56:32] [CORE_MAINTENANCE] [USAGE] Header requested for message interaction
[2026-02-13 06:56:47] [CORE_MAINTENANCE] [USAGE] Header requested for message interaction
[2026-02-13 06:57:32] [CORE_MAINTENANCE] [USAGE] Header requested for message interaction
[2026-02-13 06:58:26] [CORE_MAINTENANCE] [USAGE] Header requested for message interaction
[2026-02-13 07:00:36] [CORE_MAINTENANCE] [USAGE] Header requested for message interaction
[2026-02-13 07:06:42] [CORE_MAINTENANCE] [USAGE] Header requested for message interaction
[2026-02-13 07:24:31] [CORE_MAINTENANCE] [USAGE] Header requested for message interaction
[2026-02-13 07:25:54] [CORE_MAINTENANCE] [USAGE] Header requested for message interaction
[2026-02-13 07:27:04] [CORE_MAINTENANCE] [USAGE] Header requested for message interaction
[2026-02-13 07:28:48] [CORE_MAINTENANCE] [USAGE] Header requested for message interaction
[2026-02-13 07:30:19] [CORE_MAINTENANCE] [USAGE] Header requested for message interaction
[2026-02-13 07:32:17] [CORE_MAINTENANCE] [USAGE] Header requested for message interaction
[2026-02-13 07:33:04] [CORE_MAINTENANCE] [USAGE] Header requested for message interaction
[2026-02-13 07:34:46] [CORE_MAINTENANCE] [USAGE] Header requested for message interaction
[2026-02-13 07:44:06] [CORE_MAINTENANCE] [USAGE] Header requested for message interaction
[2026-02-13 08:02:41] [CORE_MAINTENANCE] [USAGE] Header requested for message interaction
[2026-02-13 09:19:38] [CORE_MAINTENANCE] [USAGE] Header requested for message interaction
[2026-02-13 09:20:22] [CORE_MAINTENANCE] [USAGE] Header requested for message interaction
[2026-02-13 09:23:32] [CORE_MAINTENANCE] [USAGE] Header requested for message interaction
[2026-02-13 09:26:55] [CORE_MAINTENANCE] [USAGE] Header requested for message interaction
[2026-02-13 09:37:19] [CORE_MAINTENANCE] [USAGE] Header requested for message interaction
[2026-02-13 09:37:43] [CORE_MAINTENANCE] [USAGE] Header requested for message interaction
[2026-02-13 09:39:46] [CORE_MAINTENANCE] [USAGE] Header requested for message interaction
[2026-02-13 09:43:06] [CORE_MAINTENANCE] [USAGE] Header requested for message interaction
[2026-02-13 09:53:32] [CORE_MAINTENANCE] [USAGE] Header requested for message interaction
[2026-02-13 10:02:18] [CORE_MAINTENANCE] [USAGE] Header requested for message interaction
[2026-02-13 10:06:18] [CORE_MAINTENANCE] [USAGE] Header requested for message interaction
[2026-02-13 10:11:46] [CORE_MAINTENANCE] [USAGE] Header requested for message interaction
[2026-02-13 10:14:56] [CORE_MAINTENANCE] [USAGE] Header requested for message interaction
[2026-02-13 10:15:35] [CORE_MAINTENANCE] [USAGE] Header requested for message interaction
[2026-02-13 10:16:16] [CORE_MAINTENANCE] [USAGE] Header requested for message interaction
[2026-02-13 10:16:56] [CORE_MAINTENANCE] [USAGE] Header requested for message interaction
[2026-02-13 10:18:54] [CORE_MAINTENANCE] [USAGE] Header requested for message interaction
[2026-02-13 10:19:43] [CORE_MAINTENANCE] [USAGE] Header requested for message interaction
[2026-02-13 10:23:55] [CORE_MAINTENANCE] [USAGE] Header requested for message interaction
[2026-02-13 10:25:33] [CORE_MAINTENANCE] [USAGE] Header requested for message interaction
[2026-02-13 10:30:37] [CORE_MAINTENANCE] [USAGE] Header requested for message interaction
[2026-02-13 10:33:17] [CORE_MAINTENANCE] [USAGE] Header requested for message interaction
[2026-02-13 10:34:55] [CORE_MAINTENANCE] [USAGE] Header requested for message interaction
[2026-02-13 10:36:03] [CORE_MAINTENANCE] [USAGE] Header requested for message interaction
[2026-02-13 10:38:06] [CORE_MAINTENANCE] [USAGE] Header requested for message interaction
[2026-02-13 10:40:26] [CORE_MAINTENANCE] [USAGE] Header requested for message interaction
[2026-02-13 10:42:17] [CORE_MAINTENANCE] [USAGE] Header requested for message interaction
[2026-02-13 10:43:56] [CORE_MAINTENANCE] [USAGE] Header requested for message interaction
[2026-02-13 10:44:33] [CORE_MAINTENANCE] [USAGE] Header requested for message interaction
[2026-02-13 10:46:31] [CORE_MAINTENANCE] [USAGE] Header requested for message interaction
[2026-02-13 10:50:37] [CORE_MAINTENANCE] [USAGE] Header requested for message interaction
[2026-02-13 10:58:34] [CORE_MAINTENANCE] [USAGE] Header requested for message interaction
[2026-02-13 11:00:25] [CORE_MAINTENANCE] [USAGE] Header requested for message interaction
[2026-02-13 11:13:56] [CORE_MAINTENANCE] [USAGE] Header requested for message interaction
[2026-02-13 16:35:27] [CORE_MAINTENANCE] [USAGE] Header requested for message interaction
[2026-02-13 16:39:23] [CORE_MAINTENANCE] [USAGE] Header requested for message interaction
[2026-02-13 16:42:56] [CORE_MAINTENANCE] [USAGE] Header requested for message interaction
[2026-02-13 16:44:52] [CORE_MAINTENANCE] [USAGE] Header requested for message interaction
[2026-02-13 16:50:33] [CORE_MAINTENANCE] [USAGE] Header requested for message interaction
[2026-02-13 16:51:22] [CORE_MAINTENANCE] [USAGE] Header requested for message interaction
[2026-02-13 16:52:06] [CORE_MAINTENANCE] [USAGE] Header requested for message interaction
[2026-02-13 16:55:45] [CORE_MAINTENANCE] [USAGE] Header requested for message interaction
[2026-02-13 17:01:58] [CORE_MAINTENANCE] [USAGE] Header requested for message interaction
[2026-02-13 17:10:35] [CORE_MAINTENANCE] [USAGE] Header requested for message interaction
[2026-02-13 17:17:52] [CORE_MAINTENANCE] [USAGE] Header requested for message interaction
[2026-02-13 17:21:32] [CORE_MAINTENANCE] [USAGE] Header requested for message interaction
[2026-02-13 17:22:21] [CORE_MAINTENANCE] [USAGE] Header requested for message interaction
[2026-02-13 17:25:59] [CORE_MAINTENANCE] [USAGE] Header requested for message interaction
[2026-02-13 17:31:47] [CORE_MAINTENANCE] [USAGE] Header requested for message interaction
[2026-02-13 17:34:39] [CORE_MAINTENANCE] [USAGE] Header requested for message interaction
[2026-02-13 17:40:12] [CORE_MAINTENANCE] [USAGE] Header requested for message interaction
[2026-02-13 17:45:36] [CORE_MAINTENANCE] [USAGE] Header requested for message interaction
[2026-02-13 17:48:32] [CORE_MAINTENANCE] [USAGE] Header requested for message interaction
[2026-02-13 17:53:46] [CORE_MAINTENANCE] [USAGE] Header requested for message interaction
[2026-02-13 17:56:56] [CORE_MAINTENANCE] [USAGE] Header requested for message interaction
[2026-02-13 17:58:07] [CORE_MAINTENANCE] [USAGE] Header requested for message interaction
[2026-02-13 18:02:23] [CORE_MAINTENANCE] [USAGE] Header requested for message interaction
[2026-02-13 18:05:10] [CORE_MAINTENANCE] [USAGE] Header requested for message interaction
[2026-02-13 18:11:46] [CORE_MAINTENANCE] [USAGE] Header requested for message interaction
[2026-02-13 18:19:31] [CORE_MAINTENANCE] [USAGE] Header requested for message interaction
[2026-02-13 18:28:39] [CORE_MAINTENANCE] [USAGE] Header requested for message interaction
[2026-02-13 18:34:32] [CORE_MAINTENANCE] [USAGE] Header requested for message interaction
[2026-02-13 18:35:20] [CORE_MAINTENANCE] [USAGE] Header requested for message interaction
[2026-02-13 18:36:30] [CORE_MAINTENANCE] [USAGE] Header requested for message interaction
[2026-02-13 18:46:32] [CORE_MAINTENANCE] [USAGE] Header requested for message interaction
[2026-02-13 18:47:50] [CORE_MAINTENANCE] [USAGE] Header requested for message interaction
[2026-02-13 18:54:35] [CORE_MAINTENANCE] [USAGE] Header requested for message interaction
[2026-02-13 18:59:59] [CORE_MAINTENANCE] [USAGE] Header requested for message interaction
[2026-02-13 19:05:36] [CORE_MAINTENANCE] [USAGE] Header requested for message interaction
[2026-02-13 19:09:02] [CORE_MAINTENANCE] [USAGE] Header requested for message interaction
[2026-02-13 19:22:58] [CORE_MAINTENANCE] [USAGE] Header requested for message interaction
[2026-02-13 19:32:39] [CORE_MAINTENANCE] [USAGE] Header requested for message interaction
[2026-02-13 19:40:37] [CORE_MAINTENANCE] [USAGE] Header requested for message interaction
[2026-02-13 19:44:49] [CORE_MAINTENANCE] [USAGE] Header requested for message interaction
[2026-02-13 19:48:23] [CORE_MAINTENANCE] [USAGE] Header requested for message interaction
[2026-02-13 19:51:56] [CORE_MAINTENANCE] [USAGE] Header requested for message interaction
[2026-02-13 19:55:39] [CORE_MAINTENANCE] [USAGE] Header requested for message interaction
[2026-02-13 19:56:33] [CORE_MAINTENANCE] [USAGE] Header requested for message interaction
[2026-02-13 20:00:11] [CORE_MAINTENANCE] [USAGE] Header requested for message interaction
[2026-02-13 20:07:00] [CORE_MAINTENANCE] [USAGE] Header requested for message interaction
[2026-02-13 20:11:18] [CORE_MAINTENANCE] [USAGE] Header requested for message interaction
[2026-02-13 20:12:45] [CORE_MAINTENANCE] [USAGE] Header requested for message interaction
[2026-02-13 20:20:07] [CORE_MAINTENANCE] [USAGE] Header requested for message interaction
[2026-02-13 20:54:21] [CORE_MAINTENANCE] [USAGE] Header requested for message interaction
[2026-02-13 21:05:40] [CORE_MAINTENANCE] [USAGE] Header requested for message interaction
[2026-02-13 21:06:37] [CORE_MAINTENANCE] [USAGE] Header requested for message interaction
[2026-02-13 21:44:09] [CORE_MAINTENANCE] [USAGE] Header requested for message interaction
[2026-02-13 22:14:41] [CORE_MAINTENANCE] [USAGE] Header requested for message interaction
[2026-02-13 22:16:15] [CORE_MAINTENANCE] [USAGE] Header requested for message interaction
[2026-02-13 22:24:17] [CORE_MAINTENANCE] [USAGE] Header requested for message interaction
[2026-02-13 22:24:35] [CORE_MAINTENANCE] [USAGE] Header requested for message interaction
[2026-02-13 22:24:56] [CORE_MAINTENANCE] [USAGE] Header requested for message interaction
[2026-02-13 22:25:24] [CORE_MAINTENANCE] [USAGE] Header requested for message interaction
[2026-02-13 22:25:36] [CORE_MAINTENANCE] [USAGE] Header requested for message interaction
[2026-02-13 22:25:55] [CORE_MAINTENANCE] [USAGE] Header requested for message interaction
[2026-02-13 22:26:21] [CORE_MAINTENANCE] [USAGE] Header requested for message interaction
[2026-02-13 22:26:49] [CORE_MAINTENANCE] [USAGE] Header requested for message interaction
[2026-02-13 22:27:18] [CORE_MAINTENANCE] [USAGE] Header requested for message interaction
[2026-02-13 22:27:54] [CORE_MAINTENANCE] [USAGE] Header requested for message interaction
[2026-02-13 22:28:08] [CORE_MAINTENANCE] [USAGE] Header requested for message interaction
[2026-02-13 22:29:29] [CORE_MAINTENANCE] [USAGE] Header requested for message interaction
[2026-02-13 22:35:56] [CORE_MAINTENANCE] [USAGE] Header requested for message interaction
[2026-02-13 22:36:24] [CORE_MAINTENANCE] [USAGE] Header requested for message interaction
[2026-02-13 22:37:05] [CORE_MAINTENANCE] [USAGE] Header requested for message interaction
[2026-02-13 22:38:11] [CORE_MAINTENANCE] [USAGE] Header requested for message interaction
[2026-02-13 22:39:44] [CORE_MAINTENANCE] [USAGE] Header requested for message interaction
[2026-02-13 22:40:36] [CORE_MAINTENANCE] [USAGE] Header requested for message interaction
[2026-02-13 22:42:06] [CORE_MAINTENANCE] [USAGE] Header requested for message interaction
[2026-02-13 22:42:09] [CORE_MAINTENANCE] [USAGE] Header requested for message interaction
[2026-02-13 22:42:13] [CORE_MAINTENANCE] [USAGE] Header requested for message interaction
[2026-02-13 22:50:50] [CORE_MAINTENANCE] [USAGE] Header requested for message interaction
[2026-02-13 22:51:29] [CORE_MAINTENANCE] [USAGE] Header requested for message interaction
[2026-02-13 22:56:39] [CORE_MAINTENANCE] [USAGE] Header requested for message interaction
[2026-02-13 22:58:18] [CORE_MAINTENANCE] [USAGE] Header requested for message interaction
[2026-02-13 23:01:04] [CORE_MAINTENANCE] [USAGE] Header requested for message interaction
[2026-02-13 23:04:07] [CORE_MAINTENANCE] [USAGE] Header requested for message interaction
[2026-02-13 23:12:14] [CORE_MAINTENANCE] [USAGE] Header requested for message interaction
[2026-02-13 23:15:32] [CORE_MAINTENANCE] [USAGE] Header requested for message interaction
[2026-02-13 23:17:37] [CORE_MAINTENANCE] [USAGE] Header requested for message interaction
[2026-02-13 23:25:57] [CORE_MAINTENANCE] [USAGE] Header requested for message interaction
[2026-02-13 23:26:27] [CORE_MAINTENANCE] [USAGE] Header requested for message interaction
[2026-02-13 23:27:58] [CORE_MAINTENANCE] [USAGE] Header requested for message interaction
[2026-02-13 23:29:49] [CORE_MAINTENANCE] [USAGE] Header requested for message interaction
[2026-02-13 23:31:08] [CORE_MAINTENANCE] [USAGE] Header requested for message interaction
[2026-02-13 23:32:29] [CORE_MAINTENANCE] [USAGE] Header requested for message interaction
[2026-02-13 23:33:44] [CORE_MAINTENANCE] [USAGE] Header requested for message interaction
[2026-02-13 23:35:41] [CORE_MAINTENANCE] [USAGE] Header requested for message interaction
[2026-02-13 23:37:32] [CORE_MAINTENANCE] [USAGE] Header requested for message interaction
[2026-02-13 23:38:50] [CORE_MAINTENANCE] [USAGE] Header requested for message interaction
[2026-02-13 23:41:59] [CORE_MAINTENANCE] [USAGE] Header requested for message interaction
[2026-02-13 23:43:44] [CORE_MAINTENANCE] [USAGE] Header requested for message interaction
[2026-02-13 23:46:54] [CORE_MAINTENANCE] [USAGE] Header requested for message interaction
[2026-02-13 23:48:45] [CORE_MAINTENANCE] [USAGE] Header requested for message interaction
[2026-02-13 23:49:32] [CORE_MAINTENANCE] [USAGE] Header requested for message interaction
[2026-02-13 23:51:24] [CORE_MAINTENANCE] [USAGE] Header requested for message interaction
[2026-02-13 23:53:06] [CORE_MAINTENANCE] [USAGE] Header requested for message interaction
[2026-02-13 23:56:48] [CORE_MAINTENANCE] [USAGE] Header requested for message interaction
[2026-02-13 23:59:30] [CORE_MAINTENANCE] [USAGE] Header requested for message interaction
[2026-02-14 00:01:42] [CORE_MAINTENANCE] [USAGE] Header requested for message interaction
[2026-02-14 00:02:48] [CORE_MAINTENANCE] [USAGE] Header requested for message interaction
[2026-02-14 00:04:47] [CORE_MAINTENANCE] [USAGE] Header requested for message interaction
[2026-02-14 00:07:11] [CORE_MAINTENANCE] [USAGE] Header requested for message interaction
[2026-02-14 00:11:17] [CORE_MAINTENANCE] [USAGE] Header requested for message interaction
[2026-02-14 00:11:31] [CORE_MAINTENANCE] [USAGE] Header requested for message interaction
[2026-02-14 00:24:26] [CORE_MAINTENANCE] [USAGE] Header requested for message interaction
[2026-02-14 00:26:17] [CORE_MAINTENANCE] [USAGE] Header requested for message interaction
[2026-02-14 00:30:10] [CORE_MAINTENANCE] [USAGE] Header requested for message interaction
[2026-02-14 00:33:49] [CORE_MAINTENANCE] [USAGE] Header requested for message interaction
[2026-02-14 00:38:20] [CORE_MAINTENANCE] [USAGE] Header requested for message interaction
[2026-02-14 01:01:37] [CORE_MAINTENANCE] [USAGE] Header requested for message interaction
[2026-02-14 01:04:27] [CORE_MAINTENANCE] [USAGE] Header requested for message interaction
[2026-02-14 01:11:14] [CORE_MAINTENANCE] [USAGE] Header requested for message interaction
[2026-02-14 01:12:11] [CORE_MAINTENANCE] [USAGE] Header requested for message interaction
[2026-02-14 01:14:53] [CORE_MAINTENANCE] [USAGE] Header requested for message interaction
[2026-02-14 01:17:38] [CORE_MAINTENANCE] [USAGE] Header requested for message interaction
[2026-02-14 01:18:55] [CORE_MAINTENANCE] [USAGE] Header requested for message interaction
[2026-02-14 01:19:08] [CORE_MAINTENANCE] [USAGE] Header requested for message interaction
[2026-02-14 01:21:12] [CORE_MAINTENANCE] [USAGE] Header requested for message interaction
[2026-02-14 01:24:22] [CORE_MAINTENANCE] [USAGE] Header requested for message interaction
[2026-02-14 01:26:12] [CORE_MAINTENANCE] [USAGE] Header requested for message interaction
[2026-02-14 01:27:54] [CORE_MAINTENANCE] [USAGE] Header requested for message interaction
[2026-02-14 01:29:48] [CORE_MAINTENANCE] [USAGE] Header requested for message interaction
[2026-02-14 01:34:28] [CORE_MAINTENANCE] [USAGE] Header requested for message interaction
[2026-02-14 01:34:32] [CORE_MAINTENANCE] [USAGE] Header requested for message interaction
[2026-02-14 01:36:01] [CORE_MAINTENANCE] [USAGE] Header requested for message interaction
[2026-02-14 01:36:06] [CORE_MAINTENANCE] [USAGE] Header requested for message interaction
[2026-02-14 01:36:58] [CORE_MAINTENANCE] [USAGE] Header requested for message interaction
[2026-02-14 01:37:02] [CORE_MAINTENANCE] [USAGE] Header requested for message interaction
[2026-02-14 01:38:26] [CORE_MAINTENANCE] [USAGE] Header requested for message interaction
[2026-02-14 01:38:29] [CORE_MAINTENANCE] [USAGE] Header requested for message interaction
[2026-02-14 01:39:57] [CORE_MAINTENANCE] [USAGE] Header requested for message interaction
[2026-02-14 01:40:58] [CORE_MAINTENANCE] [USAGE] Header requested for message interaction
[2026-02-14 01:42:19] [CORE_MAINTENANCE] [USAGE] Header requested for message interaction
[2026-02-14 01:45:18] [CORE_MAINTENANCE] [USAGE] Header requested for message interaction
[2026-02-14 01:47:49] [CORE_MAINTENANCE] [USAGE] Header requested for message interaction
[2026-02-14 01:48:58] [CORE_MAINTENANCE] [USAGE] Header requested for message interaction
[2026-02-14 01:55:39] [CORE_MAINTENANCE] [USAGE] Header requested for message interaction
[2026-02-14 01:55:43] [CORE_MAINTENANCE] [USAGE] Header requested for message interaction
[2026-02-14 02:00:11] [CORE_MAINTENANCE] [USAGE] Header requested for message interaction
[2026-02-14 02:05:09] [CORE_MAINTENANCE] [USAGE] Header requested for message interaction
[2026-02-14 02:14:46] [CORE_MAINTENANCE] [USAGE] Header requested for message interaction
[2026-02-14 02:17:00] [CORE_MAINTENANCE] [USAGE] Header requested for message interaction
[2026-02-14 02:22:54] [CORE_MAINTENANCE] [USAGE] Header requested for message interaction
[2026-02-14 02:24:05] [CORE_MAINTENANCE] [USAGE] Header requested for message interaction
[2026-02-14 02:27:21] [CORE_MAINTENANCE] [USAGE] Header requested for message interaction
[2026-02-14 02:29:57] [CORE_MAINTENANCE] [USAGE] Header requested for message interaction
[2026-02-14 02:32:29] [CORE_MAINTENANCE] [USAGE] Header requested for message interaction
[2026-02-14 02:40:46] [CORE_MAINTENANCE] [USAGE] Header requested for message interaction
[2026-02-14 02:45:55] [CORE_MAINTENANCE] [USAGE] Header requested for message interaction
[2026-02-14 03:04:41] [CORE_MAINTENANCE] [USAGE] Header requested for message interaction
[2026-02-14 03:09:12] [CORE_MAINTENANCE] [USAGE] Header requested for message interaction
[2026-02-14 03:12:04] [CORE_MAINTENANCE] [USAGE] Header requested for message interaction
[2026-02-14 03:13:33] [CORE_MAINTENANCE] [USAGE] Header requested for message interaction
[2026-02-14 03:15:33] [CORE_MAINTENANCE] [USAGE] Header requested for message interaction
[2026-02-14 03:16:13] [CORE_MAINTENANCE] [USAGE] Header requested for message interaction
[2026-02-14 03:17:53] [CORE_MAINTENANCE] [USAGE] Header requested for message interaction
[2026-02-14 03:20:01] [CORE_MAINTENANCE] [USAGE] Header requested for message interaction
[2026-02-14 03:21:03] [CORE_MAINTENANCE] [USAGE] Header requested for message interaction
[2026-02-14 03:21:22] [CORE_MAINTENANCE] [USAGE] Header requested for message interaction
[2026-02-14 03:22:53] [CORE_MAINTENANCE] [USAGE] Header requested for message interaction
[2026-02-14 03:23:53] [CORE_MAINTENANCE] [USAGE] Header requested for message interaction
[2026-02-14 03:37:12] [CORE_MAINTENANCE] [USAGE] Header requested for message interaction
[2026-02-14 03:47:51] [CORE_MAINTENANCE] [USAGE] Header requested for message interaction
[2026-02-14 03:50:33] [CORE_MAINTENANCE] [USAGE] Header requested for message interaction
[2026-02-14 03:51:44] [CORE_MAINTENANCE] [USAGE] Header requested for message interaction
[2026-02-14 03:54:19] [CORE_MAINTENANCE] [USAGE] Header requested for message interaction
[2026-02-14 04:06:15] [CORE_MAINTENANCE] [USAGE] Header requested for message interaction
[2026-02-14 04:16:43] [CORE_MAINTENANCE] [USAGE] Header requested for message interaction
[2026-02-14 04:17:11] [CORE_MAINTENANCE] [USAGE] Header requested for message interaction
[2026-02-14 04:26:24] [CORE_MAINTENANCE] [USAGE] Header requested for message interaction
[2026-02-14 04:28:35] [CORE_MAINTENANCE] [USAGE] Header requested for message interaction
[2026-02-14 04:30:15] [CORE_MAINTENANCE] [USAGE] Header requested for message interaction
[2026-02-14 04:30:49] [CORE_MAINTENANCE] [USAGE] Header requested for message interaction
[2026-02-14 05:01:46] [CORE_MAINTENANCE] [USAGE] Header requested for message interaction
[2026-02-14 05:04:50] [CORE_MAINTENANCE] [USAGE] Header requested for message interaction
[2026-02-14 05:11:24] [CORE_MAINTENANCE] [USAGE] Header requested for message interaction
[2026-02-14 05:14:40] [CORE_MAINTENANCE] [USAGE] Header requested for message interaction
[2026-02-14 05:18:20] [CORE_MAINTENANCE] [USAGE] Header requested for message interaction
[2026-02-14 05:18:42] [CORE_MAINTENANCE] [USAGE] Header requested for message interaction
[2026-02-14 05:21:59] [CORE_MAINTENANCE] [USAGE] Header requested for message interaction
[2026-02-14 05:24:18] [CORE_MAINTENANCE] [USAGE] Header requested for message interaction
[2026-02-14 05:27:08] [CORE_MAINTENANCE] [USAGE] Header requested for message interaction
[2026-02-14 05:29:41] [CORE_MAINTENANCE] [USAGE] Header requested for message interaction
[2026-02-14 05:39:56] [CORE_MAINTENANCE] [USAGE] Header requested for message interaction
[2026-02-14 05:47:30] [CORE_MAINTENANCE] [USAGE] Header requested for message interaction
[2026-02-14 05:52:22] [CORE_MAINTENANCE] [USAGE] Header requested for message interaction
[2026-02-14 05:54:34] [CORE_MAINTENANCE] [USAGE] Header requested for message interaction
[2026-02-14 07:05:31] [CORE_MAINTENANCE] [USAGE] Header requested for message interaction
[2026-02-14 07:08:04] [CORE_MAINTENANCE] [USAGE] Header requested for message interaction
[2026-02-14 07:11:07] [CORE_MAINTENANCE] [USAGE] Header requested for message interaction
[2026-02-14 07:12:16] [CORE_MAINTENANCE] [USAGE] Header requested for message interaction
[2026-02-14 07:16:45] [CORE_MAINTENANCE] [USAGE] Header requested for message interaction
[2026-02-14 07:23:09] [CORE_MAINTENANCE] [USAGE] Header requested for message interaction
[2026-02-14 07:27:10] [CORE_MAINTENANCE] [USAGE] Header requested for message interaction
[2026-02-14 07:37:19] [CORE_MAINTENANCE] [USAGE] Header requested for message interaction
[2026-02-14 17:09:31] [CORE_MAINTENANCE] [USAGE] Header requested for message interaction
[2026-02-14 17:11:50] [CORE_MAINTENANCE] [USAGE] Header requested for message interaction
[2026-02-14 17:16:35] [CORE_MAINTENANCE] [USAGE] Header requested for message interaction
[2026-02-14 17:19:33] [CORE_MAINTENANCE] [USAGE] Header requested for message interaction
[2026-02-14 17:22:16] [CORE_MAINTENANCE] [USAGE] Header requested for message interaction
[2026-02-14 17:23:51] [CORE_MAINTENANCE] [USAGE] Header requested for message interaction
[2026-02-14 17:24:32] [CORE_MAINTENANCE] [USAGE] Header requested for message interaction
[2026-02-14 17:29:41] [CORE_MAINTENANCE] [USAGE] Header requested for message interaction
[2026-02-14 17:40:27] [CORE_MAINTENANCE] [USAGE] Header requested for message interaction
[2026-02-14 17:42:37] [CORE_MAINTENANCE] [USAGE] Header requested for message interaction
[2026-02-14 17:44:27] [CORE_MAINTENANCE] [USAGE] Header requested for message interaction
[2026-02-14 18:10:05] [CORE_MAINTENANCE] [USAGE] Header requested for message interaction
[2026-02-14 18:11:37] [CORE_MAINTENANCE] [USAGE] Header requested for message interaction
[2026-02-14 18:15:34] [CORE_MAINTENANCE] [USAGE] Header requested for message interaction
[2026-02-14 18:22:07] [CORE_MAINTENANCE] [USAGE] Header requested for message interaction
[2026-02-14 18:32:58] [CORE_MAINTENANCE] [USAGE] Header requested for message interaction
[2026-02-14 18:34:29] [CORE_MAINTENANCE] [USAGE] Header requested for message interaction
[2026-02-14 18:36:34] [CORE_MAINTENANCE] [USAGE] Header requested for message interaction
[2026-02-14 18:37:38] [CORE_MAINTENANCE] [USAGE] Header requested for message interaction
[2026-02-14 18:38:58] [CORE_MAINTENANCE] [USAGE] Header requested for message interaction
[2026-02-14 18:40:27] [CORE_MAINTENANCE] [USAGE] Header requested for message interaction
[2026-02-14 18:41:30] [CORE_MAINTENANCE] [USAGE] Header requested for message interaction
[2026-02-14 18:42:35] [CORE_MAINTENANCE] [USAGE] Header requested for message interaction
[2026-02-14 18:42:41] [CORE_MAINTENANCE] [USAGE] Header requested for message interaction
[2026-02-14 18:42:52] [CORE_MAINTENANCE] [USAGE] Header requested for message interaction
[2026-02-14 18:48:09] [CORE_MAINTENANCE] [USAGE] Header requested for message interaction
[2026-02-14 18:48:40] [CORE_MAINTENANCE] [USAGE] Header requested for message interaction
[2026-02-14 18:48:50] [CORE_MAINTENANCE] [USAGE] Header requested for message interaction
[2026-02-14 18:53:08] [CORE_MAINTENANCE] [USAGE] Header requested for message interaction
[2026-02-14 18:53:58] [CORE_MAINTENANCE] [USAGE] Header requested for message interaction
[2026-02-14 18:57:01] [CORE_MAINTENANCE] [USAGE] Header requested for message interaction
[2026-02-14 18:57:39] [CORE_MAINTENANCE] [USAGE] Header requested for message interaction
[2026-02-14 19:00:36] [CORE_MAINTENANCE] [USAGE] Header requested for message interaction
[2026-02-14 19:03:56] [CORE_MAINTENANCE] [USAGE] Header requested for message interaction
[2026-02-14 19:09:16] [CORE_MAINTENANCE] [USAGE] Header requested for message interaction
[2026-02-14 19:13:09] [CORE_MAINTENANCE] [USAGE] Header requested for message interaction
[2026-02-14 19:24:25] [CORE_MAINTENANCE] [USAGE] Header requested for message interaction
[2026-02-14 19:28:54] [CORE_MAINTENANCE] [USAGE] Header requested for message interaction
[2026-02-14 19:34:37] [CORE_MAINTENANCE] [USAGE] Header requested for message interaction
[2026-02-14 19:36:34] [CORE_MAINTENANCE] [USAGE] Header requested for message interaction
[2026-02-14 19:38:18] [CORE_MAINTENANCE] [USAGE] Header requested for message interaction
[2026-02-14 19:39:27] [CORE_MAINTENANCE] [USAGE] Header requested for message interaction
[2026-02-14 19:40:49] [CORE_MAINTENANCE] [USAGE] Header requested for message interaction
[2026-02-14 19:43:32] [CORE_MAINTENANCE] [USAGE] Header requested for message interaction
[2026-02-14 19:47:20] [CORE_MAINTENANCE] [USAGE] Header requested for message interaction
[2026-02-14 20:02:00] [CORE_MAINTENANCE] [USAGE] Header requested for message interaction
[2026-02-14 20:08:30] [CORE_MAINTENANCE] [USAGE] Header requested for message interaction
[2026-02-14 20:08:54] [CORE_MAINTENANCE] [USAGE] Header requested for message interaction
[2026-02-14 20:09:33] [CORE_MAINTENANCE] [USAGE] Header requested for message interaction
[2026-02-14 20:11:16] [CORE_MAINTENANCE] [USAGE] Header requested for message interaction
[2026-02-14 20:16:39] [CORE_MAINTENANCE] [USAGE] Header requested for message interaction
[2026-02-14 20:19:18] [CORE_MAINTENANCE] [USAGE] Header requested for message interaction
[2026-02-14 20:23:31] [CORE_MAINTENANCE] [USAGE] Header requested for message interaction
[2026-02-14 20:26:25] [CORE_MAINTENANCE] [USAGE] Header requested for message interaction
[2026-02-14 20:31:59] [CORE_MAINTENANCE] [USAGE] Header requested for message interaction
[2026-02-14 20:33:24] [CORE_MAINTENANCE] [USAGE] Header requested for message interaction
[2026-02-14 20:46:13] [CORE_MAINTENANCE] [USAGE] Header requested for message interaction
[2026-02-14 20:50:11] [CORE_MAINTENANCE] [USAGE] Header requested for message interaction
[2026-02-14 21:00:25] [CORE_MAINTENANCE] [USAGE] Header requested for message interaction
[2026-02-14 21:09:35] [CORE_MAINTENANCE] [USAGE] Header requested for message interaction
[2026-02-14 21:16:19] [CORE_MAINTENANCE] [USAGE] Header requested for message interaction
[2026-02-14 21:20:12] [CORE_MAINTENANCE] [USAGE] Header requested for message interaction
[2026-02-14 21:24:15] [CORE_MAINTENANCE] [USAGE] Header requested for message interaction
[2026-02-14 21:28:18] [CORE_MAINTENANCE] [USAGE] Header requested for message interaction
[2026-02-14 21:33:35] [CORE_MAINTENANCE] [USAGE] Header requested for message interaction
[2026-02-14 21:36:55] [CORE_MAINTENANCE] [USAGE] Header requested for message interaction
[2026-02-14 22:02:38] [CORE_MAINTENANCE] [USAGE] Header requested for message interaction
[2026-02-14 22:13:07] [CORE_MAINTENANCE] [USAGE] Header requested for message interaction
[2026-02-14 22:17:09] [CORE_MAINTENANCE] [USAGE] Header requested for message interaction
[2026-02-14 22:20:52] [CORE_MAINTENANCE] [USAGE] Header requested for message interaction
[2026-02-14 22:23:44] [CORE_MAINTENANCE] [USAGE] Header requested for message interaction
[2026-02-14 22:26:37] [CORE_MAINTENANCE] [USAGE] Header requested for message interaction
[2026-02-14 22:28:07] [CORE_MAINTENANCE] [USAGE] Header requested for message interaction
[2026-02-14 22:30:50] [CORE_MAINTENANCE] [USAGE] Header requested for message interaction
[2026-02-14 22:34:58] [CORE_MAINTENANCE] [USAGE] Header requested for message interaction
[2026-02-14 22:39:55] [CORE_MAINTENANCE] [USAGE] Header requested for message interaction
[2026-02-14 22:45:45] [CORE_MAINTENANCE] [USAGE] Header requested for message interaction
[2026-02-14 22:51:49] [CORE_MAINTENANCE] [USAGE] Header requested for message interaction
[2026-02-14 23:04:48] [CORE_MAINTENANCE] [USAGE] Header requested for message interaction
[2026-02-14 23:08:08] [CORE_MAINTENANCE] [USAGE] Header requested for message interaction
[2026-02-14 23:09:39] [CORE_MAINTENANCE] [USAGE] Header requested for message interaction
[2026-02-14 23:11:40] [CORE_MAINTENANCE] [USAGE] Header requested for message interaction
[2026-02-14 23:13:16] [CORE_MAINTENANCE] [USAGE] Header requested for message interaction
[2026-02-14 23:13:27] [CORE_MAINTENANCE] [USAGE] Header requested for message interaction
[2026-02-14 23:13:36] [CORE_MAINTENANCE] [USAGE] Header requested for message interaction
[2026-02-14 23:14:05] [CORE_MAINTENANCE] [USAGE] Header requested for message interaction
[2026-02-14 23:14:19] [CORE_MAINTENANCE] [USAGE] Header requested for message interaction
[2026-02-14 23:14:20] [CORE_MAINTENANCE] [USAGE] Header requested for message interaction
[2026-02-14 23:14:31] [CORE_MAINTENANCE] [USAGE] Header requested for message interaction
[2026-02-14 23:14:43] [CORE_MAINTENANCE] [USAGE] Header requested for message interaction
[2026-02-14 23:14:52] [CORE_MAINTENANCE] [USAGE] Header requested for message interaction
[2026-02-14 23:14:57] [CORE_MAINTENANCE] [USAGE] Header requested for message interaction
[2026-02-14 23:14:58] [CORE_MAINTENANCE] [USAGE] Header requested for message interaction
[2026-02-14 23:16:35] [CORE_MAINTENANCE] [USAGE] Header requested for message interaction
[2026-02-14 23:20:29] [CORE_MAINTENANCE] [USAGE] Header requested for message interaction
[2026-02-14 23:23:30] [CORE_MAINTENANCE] [USAGE] Header requested for message interaction
[2026-02-14 23:24:35] [CORE_MAINTENANCE] [USAGE] Header requested for message interaction
[2026-02-14 23:25:55] [CORE_MAINTENANCE] [USAGE] Header requested for message interaction
[2026-02-14 23:35:27] [CORE_MAINTENANCE] [USAGE] Header requested for message interaction
[2026-02-14 23:37:45] [CORE_MAINTENANCE] [USAGE] Header requested for message interaction
[2026-02-14 23:48:37] [CORE_MAINTENANCE] [USAGE] Header requested for message interaction
[2026-02-14 23:50:19] [CORE_MAINTENANCE] [USAGE] Header requested for message interaction
[2026-02-14 23:57:59] [CORE_MAINTENANCE] [USAGE] Header requested for message interaction
[2026-02-15 00:03:45] [CORE_MAINTENANCE] [USAGE] Header requested for message interaction
[2026-02-15 00:07:25] [CORE_MAINTENANCE] [USAGE] Header requested for message interaction
[2026-02-15 00:10:18] [CORE_MAINTENANCE] [USAGE] Header requested for message interaction
[2026-02-15 00:12:58] [CORE_MAINTENANCE] [USAGE] Header requested for message interaction
[2026-02-15 00:12:59] [CORE_MAINTENANCE] [USAGE] Header requested for message interaction
[2026-02-15 00:14:38] [CORE_MAINTENANCE] [USAGE] Header requested for message interaction
[2026-02-15 00:16:20] [CORE_MAINTENANCE] [USAGE] Header requested for message interaction
[2026-02-15 00:20:19] [CORE_MAINTENANCE] [USAGE] Header requested for message interaction
[2026-02-15 00:28:00] [CORE_MAINTENANCE] [USAGE] Header requested for message interaction
[2026-02-15 00:34:04] [CORE_MAINTENANCE] [USAGE] Header requested for message interaction
[2026-02-15 00:38:14] [CORE_MAINTENANCE] [USAGE] Header requested for message interaction
[2026-02-15 00:38:39] [CORE_MAINTENANCE] [USAGE] Header requested for message interaction
[2026-02-15 00:40:42] [CORE_MAINTENANCE] [USAGE] Header requested for message interaction
[2026-02-15 00:47:22] [CORE_MAINTENANCE] [USAGE] Header requested for message interaction
[2026-02-15 00:52:44] [CORE_MAINTENANCE] [USAGE] Header requested for message interaction
[2026-02-15 01:00:15] [CORE_MAINTENANCE] [USAGE] Header requested for message interaction
[2026-02-15 01:00:19] [CORE_MAINTENANCE] [USAGE] Header requested for message interaction
[2026-02-15 01:02:58] [CORE_MAINTENANCE] [USAGE] Header requested for message interaction
[2026-02-15 01:05:42] [WORKSPACE] [USAGE] Header requested for message interaction
[2026-02-15 01:07:03] [WORKSPACE] [USAGE] Header requested for message interaction
[2026-02-15 01:08:25] [WORKSPACE] [USAGE] Header requested for message interaction
[2026-02-15 01:10:05] [WORKSPACE] [USAGE] Header requested for message interaction
[2026-02-15 01:21:06] [WORKSPACE] [USAGE] Header requested for message interaction
[2026-02-15 01:26:22] [WORKSPACE] [USAGE] Header requested for message interaction
[2026-02-15 01:26:36] [WORKSPACE] [USAGE] Header requested for message interaction
[2026-02-15 01:29:54] [WORKSPACE] [USAGE] Header requested for message interaction
[2026-02-15 01:30:06] [WORKSPACE] [USAGE] Header requested for message interaction
[2026-02-15 01:30:07] [WORKSPACE] [USAGE] Header requested for message interaction
[2026-02-15 01:31:57] [WORKSPACE] [USAGE] Header requested for message interaction
[2026-02-15 01:40:23] [WORKSPACE] [USAGE] Header requested for message interaction
[2026-02-15 01:42:18] [WORKSPACE] [USAGE] Header requested for message interaction
[2026-02-15 01:47:02] [WORKSPACE] [USAGE] Header requested for message interaction
[2026-02-15 01:48:52] [WORKSPACE] [USAGE] Header requested for message interaction
[2026-02-15 01:49:01] [WORKSPACE] [USAGE] Header requested for message interaction
[2026-02-15 01:49:12] [WORKSPACE] [USAGE] Header requested for message interaction
[2026-02-15 01:51:22] [WORKSPACE] [USAGE] Header requested for message interaction
[2026-02-15 01:52:45] [WORKSPACE] [USAGE] Header requested for message interaction
[2026-02-15 01:55:55] [WORKSPACE] [USAGE] Header requested for message interaction
[2026-02-15 01:59:05] [WORKSPACE] [USAGE] Header requested for message interaction
[2026-02-15 02:04:14] [WORKSPACE] [USAGE] Header requested for message interaction
[2026-02-15 02:49:49] [WORKSPACE] [USAGE] Header requested for message interaction
[2026-02-15 02:57:46] [WORKSPACE] [USAGE] Header requested for message interaction
[2026-02-15 04:18:33] [WORKSPACE] [USAGE] Header requested for message interaction
[2026-02-15 04:31:38] [WORKSPACE] [USAGE] Header requested for message interaction
[2026-02-15 04:47:21] [WORKSPACE] [USAGE] Header requested for message interaction
[2026-02-15 04:50:56] [WORKSPACE] [USAGE] Header requested for message interaction
[2026-02-15 04:51:21] [WORKSPACE] [USAGE] Header requested for message interaction
[2026-02-15 04:55:17] [CORE_MAINTENANCE] [USAGE] Header requested for message interaction
[2026-02-15 05:01:19] [CORE_MAINTENANCE] [USAGE] Header requested for message interaction
[2026-02-15 05:04:59] [CORE_MAINTENANCE] [USAGE] Header requested for message interaction
[2026-02-15 05:13:26] [CORE_MAINTENANCE] [USAGE] Header requested for message interaction
[2026-02-15 05:20:55] [CORE_MAINTENANCE] [USAGE] Header requested for message interaction
[2026-02-15 05:31:23] [CORE_MAINTENANCE] [USAGE] Header requested for message interaction
[2026-02-15 06:12:58] [CORE_MAINTENANCE] [USAGE] Header requested for message interaction
[2026-02-15 06:44:51] [SCHOOL] [USAGE] Skill switched to SCHOOL
[2026-02-15 06:45:22] [SCHOOL] [USAGE] Header requested for message interaction
[2026-02-15 06:48:31] [SCHOOL] [USAGE] Header requested for message interaction
[2026-02-15 06:48:59] [SCHOOL] [USAGE] Header requested for message interaction
[2026-02-15 06:51:51] [SCHOOL] [USAGE] Header requested for message interaction
[2026-02-15 06:52:48] [SCHOOL] [USAGE] Header requested for message interaction
[2026-02-15 06:53:34] [SCHOOL] [USAGE] Header requested for message interaction
[2026-02-15 06:54:48] [SCHOOL] [USAGE] Header requested for message interaction
[2026-02-15 06:56:10] [SCHOOL] [USAGE] Header requested for message interaction
[2026-02-15 07:00:33] [SCHOOL] [USAGE] Header requested for message interaction
[2026-02-15 07:03:26] [SCHOOL] [USAGE] Header requested for message interaction
[2026-02-15 07:04:14] [SCHOOL] [USAGE] Header requested for message interaction
[2026-02-15 07:06:52] [SCHOOL] [USAGE] Header requested for message interaction
[2026-02-15 07:07:50] [SCHOOL] [USAGE] Header requested for message interaction
[2026-02-15 07:12:41] [SCHOOL] [USAGE] Header requested for message interaction
[2026-02-15 07:24:55] [SCHOOL] [USAGE] Header requested for message interaction
[2026-02-15 07:25:44] [SCHOOL] [USAGE] Header requested for message interaction
[2026-02-15 07:27:43] [WORKSPACE] [USAGE] Skill switched to WORKSPACE
[2026-02-15 07:27:53] [WORKSPACE] [USAGE] Header requested for message interaction
[2026-02-15 07:44:50] [WORKSPACE] [USAGE] Header requested for message interaction
[2026-02-15 07:50:27] [WORKSPACE] [USAGE] Header requested for message interaction
[2026-02-15 08:11:44] [WORKSPACE] [USAGE] Header requested for message interaction
[2026-02-15 08:18:35] [WORKSPACE] [USAGE] Header requested for message interaction
[2026-02-15 08:28:44] [WORKSPACE] [USAGE] Header requested for message interaction
[2026-02-15 09:14:25] [WORKSPACE] [USAGE] Header requested for message interaction
[2026-02-15 09:16:25] [WORKSPACE] [USAGE] Header requested for message interaction
[2026-02-15 10:17:38] [WORKSPACE] [USAGE] Header requested for message interaction
[2026-02-15 10:31:44] [WORKSPACE] [USAGE] Header requested for message interaction
[2026-02-15 10:42:52] [WORKSPACE] [USAGE] Header requested for message interaction
[2026-02-15 10:50:39] [CYBERSECURITY] [USAGE] Skill switched to CYBERSECURITY
[2026-02-15 10:52:06] [CYBERSECURITY] [USAGE] Header requested for message interaction
[2026-02-15 10:59:01] [CODE_REVIEWER] [USAGE] Skill switched to CODE_REVIEWER
[2026-02-15 11:19:56] [CYBERSECURITY] [USAGE] Skill switched to CYBERSECURITY
[2026-02-15 11:25:05] [TECH_WRITER] [USAGE] Skill switched to TECH_WRITER
[2026-02-15 11:29:40] [CODE_REVIEWER] [USAGE] Skill switched to CODE_REVIEWER
[2026-02-15 19:21:57] [BUG_HUNTER] [USAGE] Skill switched to BUG_HUNTER
[2026-02-15 19:26:55] [DATA_ANALYSIS] [USAGE] Skill switched to DATA_ANALYSIS
[2026-02-15 19:30:05] [PROJECT_LEAD] [USAGE] Skill switched to PROJECT_LEAD
[2026-02-15 19:34:22] [PROJECT_LEAD] [USAGE] Header requested for message interaction
[2026-02-15 19:37:32] [PROJECT_LEAD] [USAGE] Header requested for message interaction
[2026-02-15 19:40:36] [WORKSPACE] [USAGE] Skill switched to WORKSPACE
[2026-02-16 03:55:39] [WORKSPACE] [USAGE] Header requested for message interaction
[2026-02-16 03:57:36] [WORKSPACE] [USAGE] Header requested for message interaction
[2026-02-16 04:29:05] [WORKSPACE] [USAGE] Header requested for message interaction
[2026-02-16 04:52:38] [WORKSPACE] [USAGE] Skill switched to WORKSPACE
[2026-02-16 04:53:01] [WORKSPACE] [USAGE] Header requested for message interaction
[2026-02-16 04:57:55] [WORKSPACE] [USAGE] Header requested for message interaction
[2026-02-16 05:10:08] [WORKSPACE] [USAGE] Header requested for message interaction
[2026-02-16 05:17:17] [WORKSPACE] [USAGE] Header requested for message interaction
[2026-02-16 05:24:53] [WORKSPACE] [USAGE] Header requested for message interaction
[2026-02-16 05:28:31] [WORKSPACE] [USAGE] Header requested for message interaction
[2026-02-16 05:35:52] [WORKSPACE] [USAGE] Header requested for message interaction
[2026-02-16 05:44:34] [WORKSPACE] [USAGE] Header requested for message interaction
[2026-02-16 06:04:52] [WORKSPACE] [USAGE] Header requested for message interaction
[2026-02-16 06:06:51] [WORKSPACE] [USAGE] Header requested for message interaction
[2026-02-16 06:11:06] [WORKSPACE] [USAGE] Header requested for message interaction
[2026-02-16 06:12:56] [WORKSPACE] [USAGE] Header requested for message interaction
[2026-02-16 06:33:53] [WORKSPACE] [USAGE] Header requested for message interaction
[2026-02-16 06:52:00] [WORKSPACE] [USAGE] Header requested for message interaction
[2026-02-16 06:54:47] [WORKSPACE] [USAGE] Header requested for message interaction
[2026-02-16 06:58:48] [WORKSPACE] [USAGE] Header requested for message interaction
[2026-02-16 06:59:30] [WORKSPACE] [USAGE] Header requested for message interaction
[2026-02-16 07:15:37] [WORKSPACE] [USAGE] Header requested for message interaction
[2026-02-16 07:17:06] [WORKSPACE] [USAGE] Header requested for message interaction
[2026-02-16 07:22:47] [WORKSPACE] [USAGE] Header requested for message interaction
[2026-02-16 07:25:23] [WORKSPACE] [USAGE] Header requested for message interaction
[2026-02-16 07:27:09] [WORKSPACE] [USAGE] Header requested for message interaction
[2026-02-16 09:01:29] [WORKSPACE] [USAGE] Header requested for message interaction
[2026-02-16 09:04:06] [WORKSPACE] [USAGE] Header requested for message interaction
[2026-02-16 09:11:41] [WORKSPACE] [USAGE] Header requested for message interaction
[2026-02-16 09:11:58] [WORKSPACE] [USAGE] Header requested for message interaction
[2026-02-16 09:17:38] [WORKSPACE] [USAGE] Header requested for message interaction
[2026-02-16 09:17:53] [WORKSPACE] [USAGE] Header requested for message interaction
[2026-02-16 09:19:51] [WORKSPACE] [USAGE] Header requested for message interaction
[2026-02-16 09:22:58] [WORKSPACE] [USAGE] Header requested for message interaction
[2026-02-16 09:47:13] [WORKSPACE] [USAGE] Header requested for message interaction
[2026-02-16 09:52:51] [WORKSPACE] [USAGE] Header requested for message interaction
[2026-02-16 09:53:23] [WORKSPACE] [USAGE] Header requested for message interaction
[2026-02-16 09:58:34] [WORKSPACE] [USAGE] Header requested for message interaction
[2026-02-16 10:05:27] [CORE_MAINTENANCE] [USAGE] Skill switched to CORE_MAINTENANCE
[2026-02-16 10:31:16] [CORE_MAINTENANCE] [USAGE] Header requested for message interaction
[2026-02-16 10:34:55] [CORE_MAINTENANCE] [USAGE] Header requested for message interaction
[2026-02-16 11:03:01] [CORE_MAINTENANCE] [USAGE] Header requested for message interaction
[2026-02-16 11:22:01] [CORE_MAINTENANCE] [USAGE] Header requested for message interaction
[2026-02-16 11:24:18] [CORE_MAINTENANCE] [USAGE] Header requested for message interaction
[2026-02-16 12:16:44] [CORE_MAINTENANCE] [USAGE] Header requested for message interaction
[2026-02-16 12:18:37] [CORE_MAINTENANCE] [USAGE] Header requested for message interaction
[2026-02-16 12:29:57] [WORKSPACE] [USAGE] Skill switched to WORKSPACE
[2026-02-16 12:41:35] [CORE_MAINTENANCE] [USAGE] Skill switched to CORE_MAINTENANCE
[2026-02-16 12:51:15] [CORE_MAINTENANCE] [USAGE] Header requested for message interaction
[2026-02-16 12:59:48] [WORKSPACE] [USAGE] Skill switched to WORKSPACE
[2026-02-16 13:00:42] [WORKSPACE] [USAGE] Header requested for message interaction
[2026-02-16 13:13:02] [WORKSPACE] [USAGE] Header requested for message interaction
[2026-02-16 16:37:32] [CORE_MAINTENANCE] [USAGE] Skill switched to CORE_MAINTENANCE
[2026-02-16 17:07:15] [CORE_MAINTENANCE] [USAGE] Header requested for message interaction
[2026-02-16 17:08:11] [WORKSPACE] [USAGE] Skill switched to WORKSPACE
[2026-02-16 17:08:22] [WORKSPACE] [USAGE] Header requested for message interaction
[2026-02-16 17:13:22] [WORKSPACE] [USAGE] Header requested for message interaction
[2026-02-17 00:26:31] [WORKSPACE] [USAGE] Header requested for message interaction
[2026-02-17 00:59:44] [WORKSPACE] [ERROR] Injection failed: Display connection closed by server: [Errno 32] Broken pipe
[2026-02-17 01:05:09] [WORKSPACE] [USAGE] Header requested for message interaction
[2026-02-17 01:23:20] [WORKSPACE] [USAGE] Header requested for message interaction
[2026-02-17 01:33:05] [WORKSPACE] [USAGE] Header requested for message interaction
[2026-02-17 01:50:24] [WORKSPACE] [USAGE] Header requested for message interaction
[2026-02-17 01:59:22] [WORKSPACE] [USAGE] Header requested for message interaction
[2026-02-17 02:26:41] [WORKSPACE] [USAGE] Header requested for message interaction
[2026-02-17 02:51:34] [WORKSPACE] [USAGE] Header requested for message interaction
[2026-02-17 02:57:40] [WORKSPACE] [USAGE] Header requested for message interaction
[2026-02-17 16:37:18] [WORKSPACE] [USAGE] Header requested for message interaction
[2026-02-17 16:37:18] [WORKSPACE] [ERROR] Injection failed: cannot access local variable 'full_text' where it is not associated with a value
[2026-02-17 16:37:44] [WORKSPACE] [USAGE] Header requested for message interaction
[2026-02-17 16:37:44] [WORKSPACE] [ERROR] Injection failed: cannot access local variable 'full_text' where it is not associated with a value
[2026-02-17 16:41:05] [WORKSPACE] [ERROR] Injection failed: cannot access local variable 'full_text' where it is not associated with a value
[2026-02-17 16:42:01] [WORKSPACE] [USAGE] Header requested for message interaction
[2026-02-17 16:52:42] [WORKSPACE] [USAGE] Header requested for message interaction
[2026-02-17 17:07:17] [WORKSPACE] [USAGE] Header requested for message interaction
[2026-02-17 17:09:17] [WORKSPACE] [USAGE] Header requested for message interaction
[2026-02-17 17:38:34] [WORKSPACE] [USAGE] Header requested for message interaction
[2026-02-17 17:50:15] [WORKSPACE] [USAGE] Header requested for message interaction
[2026-02-17 17:57:40] [WORKSPACE] [USAGE] Header requested for message interaction
[2026-02-17 18:08:40] [WORKSPACE] [USAGE] Header requested for message interaction
[2026-02-17 18:11:34] [WORKSPACE] [USAGE] Header requested for message interaction
[2026-02-17 18:14:31] [WORKSPACE] [USAGE] Header requested for message interaction
[2026-02-17 18:16:34] [WORKSPACE] [USAGE] Header requested for message interaction
[2026-02-18 02:48:59] [WORKSPACE] [USAGE] Header requested for message interaction
[2026-02-18 02:57:59] [WORKSPACE] [USAGE] Header requested for message interaction
[2026-02-18 02:57:59] [WORKSPACE] [USAGE] Header requested for message interaction
[2026-02-18 03:03:54] [WORKSPACE] [USAGE] Header requested for message interaction
[2026-02-18 03:06:17] [WORKSPACE] [USAGE] Header requested for message interaction
[2026-02-18 03:50:18] [WORKSPACE] [USAGE] Header requested for message interaction
[2026-02-18 03:58:46] [WORKSPACE] [USAGE] Header requested for message interaction
[2026-02-18 04:41:32] [WORKSPACE] [USAGE] Header requested for message interaction
[2026-02-18 04:43:28] [WORKSPACE] [USAGE] Header requested for message interaction
[2026-02-18 05:22:22] [WORKSPACE] [USAGE] Header requested for message interaction
[2026-02-18 06:59:54] [SYSTEM] [INFO] -- MATCHED ERROR LOGS RESOLVED -- (Resolved full_text local variable access and hardened shadow encryption logic)
[2026-02-18 07:50:32] [CORE_MAINTENANCE] [USAGE] Header requested for message interaction
[2026-02-18 07:52:42] [CORE_MAINTENANCE] [USAGE] Header requested for message interaction
[2026-02-18 07:54:27] [CORE_MAINTENANCE] [USAGE] Header requested for message interaction
[2026-02-18 08:04:28] [CORE_MAINTENANCE] [USAGE] Header requested for message interaction
[2026-02-18 08:07:27] [CORE_MAINTENANCE] [USAGE] Header requested for message interaction
[2026-02-18 08:11:57] [CORE_MAINTENANCE] [USAGE] Header requested for message interaction
[2026-02-18 08:15:54] [CORE_MAINTENANCE] [USAGE] Header requested for message interaction
[2026-02-18 08:21:15] [CORE_MAINTENANCE] [USAGE] Header requested for message interaction
[2026-02-18 08:24:56] [CORE_MAINTENANCE] [USAGE] Header requested for message interaction
[2026-02-18 08:27:13] [CORE_MAINTENANCE] [USAGE] Header requested for message interaction
[2026-02-18 08:33:03] [CORE_MAINTENANCE] [USAGE] Header requested for message interaction
[2026-02-18 08:34:34] [CORE_MAINTENANCE] [USAGE] Header requested for message interaction
[2026-02-18 08:37:45] [CORE_MAINTENANCE] [USAGE] Header requested for message interaction
[2026-02-18 08:39:54] [CORE_MAINTENANCE] [USAGE] Header requested for message interaction
[2026-02-18 09:12:22] [CORE_MAINTENANCE] [USAGE] Header requested for message interaction
[2026-02-18 09:13:26] [CORE_MAINTENANCE] [USAGE] Header requested for message interaction
[2026-02-18 09:55:00] [WORKSPACE] [USAGE] Skill switched to WORKSPACE
[2026-02-18 09:55:33] [WORKSPACE] [USAGE] Header requested for message interaction
[2026-02-18 10:00:28] [WORKSPACE] [USAGE] Header requested for message interaction
[2026-02-18 10:03:32] [WORKSPACE] [USAGE] Header requested for message interaction
[2026-02-18 10:04:14] [WORKSPACE] [USAGE] Header requested for message interaction
[2026-02-18 10:12:59] [WORKSPACE] [USAGE] Header requested for message interaction
[2026-02-18 10:15:30] [WORKSPACE] [USAGE] Header requested for message interaction
[2026-02-18 10:17:04] [WORKSPACE] [USAGE] Header requested for message interaction
[2026-02-18 10:25:40] [WORKSPACE] [USAGE] Header requested for message interaction
[2026-02-18 10:26:42] [WORKSPACE] [USAGE] Header requested for message interaction
[2026-02-18 10:28:12] [WORKSPACE] [USAGE] Header requested for message interaction
[2026-02-18 10:53:40] [WORKSPACE] [USAGE] Header requested for message interaction
[2026-02-18 10:54:59] [WORKSPACE] [USAGE] Header requested for message interaction
[2026-02-18 11:03:57] [WORKSPACE] [USAGE] Header requested for message interaction
[2026-02-18 11:07:01] [WORKSPACE] [USAGE] Header requested for message interaction
[2026-02-18 11:11:18] [WORKSPACE] [USAGE] Header requested for message interaction
[2026-02-18 11:18:10] [WORKSPACE] [USAGE] Header requested for message interaction
[2026-02-18 11:19:39] [WORKSPACE] [USAGE] Header requested for message interaction
[2026-02-18 11:25:34] [WORKSPACE] [USAGE] Header requested for message interaction
[2026-02-18 11:51:49] [WORKSPACE] [USAGE] Header requested for message interaction
[2026-02-18 11:56:15] [WORKSPACE] [USAGE] Header requested for message interaction
[2026-02-18 11:57:28] [WORKSPACE] [USAGE] Header requested for message interaction
[2026-02-18 12:14:22] [WORKSPACE] [USAGE] Header requested for message interaction
[2026-02-18 12:20:33] [WORKSPACE] [USAGE] Header requested for message interaction
[2026-02-18 12:22:53] [WORKSPACE] [USAGE] Header requested for message interaction
[2026-02-18 12:24:14] [WORKSPACE] [USAGE] Header requested for message interaction
[2026-02-18 12:26:32] [WORKSPACE] [USAGE] Header requested for message interaction
[2026-02-18 12:37:32] [WORKSPACE] [USAGE] Header requested for message interaction
[2026-02-18 12:45:11] [WORKSPACE] [USAGE] Header requested for message interaction
[2026-02-18 12:52:39] [WORKSPACE] [USAGE] Skill switched to WORKSPACE
[2026-02-18 12:52:47] [WORKSPACE] [USAGE] Header requested for message interaction
[2026-02-18 12:57:45] [WORKSPACE] [USAGE] Header requested for message interaction
[2026-02-18 13:00:11] [WORKSPACE] [USAGE] Header requested for message interaction
[2026-02-18 13:03:37] [CORE_MAINTENANCE] [USAGE] Skill switched to CORE_MAINTENANCE
[2026-02-18 13:05:58] [CORE_MAINTENANCE] [USAGE] Header requested for message interaction
[2026-02-18 13:15:04] [CORE_MAINTENANCE] [USAGE] Header requested for message interaction
[2026-02-18 13:18:45] [CORE_MAINTENANCE] [USAGE] Header requested for message interaction
[2026-02-18 13:29:19] [CORE_MAINTENANCE] [USAGE] Header requested for message interaction
[2026-02-18 13:33:37] [CORE_MAINTENANCE] [USAGE] Header requested for message interaction
[2026-02-18 13:49:10] [CORE_MAINTENANCE] [USAGE] Header requested for message interaction
[2026-02-18 13:52:54] [CORE_MAINTENANCE] [USAGE] Header requested for message interaction
[2026-02-18 13:57:06] [CORE_MAINTENANCE] [USAGE] Header requested for message interaction
[2026-02-18 13:59:06] [CORE_MAINTENANCE] [USAGE] Header requested for message interaction
[2026-02-18 14:43:05] [CORE_MAINTENANCE] [USAGE] Header requested for message interaction
[2026-02-18 14:45:59] [CORE_MAINTENANCE] [USAGE] Header requested for message interaction
[2026-02-18 14:50:11] [CORE_MAINTENANCE] [USAGE] Header requested for message interaction
[2026-02-18 15:14:12] [CORE_MAINTENANCE] [USAGE] Header requested for message interaction
[2026-02-18 15:14:13] [CORE_MAINTENANCE] [USAGE] Header requested for message interaction
[2026-02-18 15:32:19] [CORE_MAINTENANCE] [USAGE] Header requested for message interaction
[2026-02-18 15:59:00] [CORE_MAINTENANCE] [USAGE] Header requested for message interaction
[2026-02-18 15:59:17] [CORE_MAINTENANCE] [USAGE] Header requested for message interaction
[2026-02-18 16:04:06] [CORE_MAINTENANCE] [USAGE] Header requested for message interaction
[2026-02-18 16:09:29] [CORE_MAINTENANCE] [USAGE] Header requested for message interaction
[2026-02-18 16:13:56] [CORE_MAINTENANCE] [USAGE] Header requested for message interaction
[2026-02-18 16:19:13] [CORE_MAINTENANCE] [USAGE] Header requested for message interaction
[2026-02-18 17:02:32] [CORE_MAINTENANCE] [USAGE] Header requested for message interaction
[2026-02-18 17:10:44] [CORE_MAINTENANCE] [USAGE] Header requested for message interaction
[2026-02-18 17:13:42] [CORE_MAINTENANCE] [USAGE] Header requested for message interaction
[2026-02-18 17:36:38] [CORE_MAINTENANCE] [USAGE] Header requested for message interaction
[2026-02-18 17:36:50] [CORE_MAINTENANCE] [USAGE] Header requested for message interaction
[2026-02-18 19:17:25] [CORE_MAINTENANCE] [USAGE] Header requested for message interaction
[2026-02-18 20:10:33] [CORE_MAINTENANCE] [USAGE] Header requested for message interaction
[2026-02-18 20:27:24] [CORE_MAINTENANCE] [USAGE] Header requested for message interaction
[2026-02-18 21:43:36] [CORE_MAINTENANCE] [USAGE] Header requested for message interaction
[2026-02-18 21:55:44] [CORE_MAINTENANCE] [USAGE] Header requested for message interaction
[2026-02-18 22:10:38] [CORE_MAINTENANCE] [USAGE] Header requested for message interaction
[2026-02-18 22:11:26] [CORE_MAINTENANCE] [USAGE] Header requested for message interaction
[2026-02-18 22:12:28] [CORE_MAINTENANCE] [USAGE] Header requested for message interaction
[2026-02-18 22:16:51] [CORE_MAINTENANCE] [USAGE] Header requested for message interaction
[2026-02-18 22:18:59] [CORE_MAINTENANCE] [USAGE] Header requested for message interaction
[2026-02-18 22:21:41] [CORE_MAINTENANCE] [USAGE] Header requested for message interaction
[2026-02-18 22:24:26] [CORE_MAINTENANCE] [USAGE] Header requested for message interaction
[2026-02-18 22:24:52] [CORE_MAINTENANCE] [USAGE] Header requested for message interaction
[2026-02-18 23:51:48] [CORE_MAINTENANCE] [USAGE] Header requested for message interaction
[2026-02-18 23:52:26] [CORE_MAINTENANCE] [USAGE] Header requested for message interaction
